<?xml version="1.0" encoding="UTF-8"?>
<!-- Generated by org.testng.reporters.JUnitReportReporter -->
<testsuite hostname="Divya" failures="0" tests="3" name="package_1.Testing_groups" time="0.016" errors="0" timestamp="2024-09-03T18:24:07 IST" skipped="0">
  <testcase classname="package_1.Testing_groups" name="Testcase2" time="0.013"/>
  <system-out/>
  <testcase classname="package_1.Testing_groups" name="Testcase3" time="0.002"/>
  <system-out/>
  <testcase classname="package_1.Testing_groups" name="Testcase4" time="0.001"/>
  <system-out/>
</testsuite> <!-- package_1.Testing_groups -->
