<?xml version="1.0" encoding="UTF-8"?>
<!-- Generated by org.testng.reporters.JUnitReportReporter -->
<testsuite hostname="Divya" failures="0" tests="3" name="selen.Testing_exm" time="0.014" errors="0" timestamp="2024-09-03T17:55:48 IST" skipped="0">
  <testcase classname="selen.Testing_exm" name="Testcase1" time="0.011"/>
  <system-out/>
  <testcase classname="selen.Testing_exm" name="Testcase3" time="0.002"/>
  <system-out/>
  <testcase classname="selen.Testing_exm" name="Testcase" time="0.001"/>
  <system-out/>
</testsuite> <!-- selen.Testing_exm -->
