<?xml version="1.0" encoding="UTF-8"?>
<!-- Generated by org.testng.reporters.JUnitReportReporter -->
<testsuite hostname="Divya" failures="0" tests="2" name="testing_TestNG.Testing1" time="0.006" errors="0" timestamp="2024-09-03T18:02:37 IST" skipped="0">
  <testcase classname="testing_TestNG.Testing1" name="Login" time="0.002"/>
  <system-out/>
  <testcase classname="testing_TestNG.Testing1" name="Logout" time="0.004"/>
  <system-out/>
</testsuite> <!-- testing_TestNG.Testing1 -->
