<?xml version="1.0" encoding="UTF-8"?>
<!-- Generated by org.testng.reporters.JUnitReportReporter -->
<testsuite hostname="Divya" failures="0" tests="1" name="testing_TestNG.NewTest" time="0.014" errors="0" timestamp="2024-09-03T18:30:23 IST" skipped="0">
  <testcase classname="testing_TestNG.NewTest" name="testcase" time="0.014"/>
  <system-out/>
</testsuite> <!-- testing_TestNG.NewTest -->
